# JRE version: OpenJDK Runtime Environment (11.0.2+9) (build 11.0.2+9)
# Java VM: OpenJDK 64-Bit Server VM (11.0.2+9, mixed mode, tiered, compressed oops, g1 gc, windows-amd64)
Heap:
 garbage-first heap   total 373760K, used 250741K [0x0000000740000000, 0x0000000800000000)
  region size 1024K, 28 young (28672K), 7 survivors (7168K)
 Metaspace       used 122085K, capacity 125291K, committed 125392K, reserved 1155072K
  class space    used 17623K, capacity 19051K, committed 19072K, reserved 1048576K
GC Heap History (10 events):
Event: 884.180 GC heap before
{Heap before GC invocations=213 (full 12):
 garbage-first heap   total 373760K, used 281409K [0x0000000740000000, 0x0000000800000000)
  region size 1024K, 60 young (61440K), 2 survivors (2048K)
 Metaspace       used 121247K, capacity 124369K, committed 124496K, reserved 1155072K
  class space    used 17423K, capacity 18829K, committed 18944K, reserved 1048576K
}
Event: 884.182 GC heap after
{Heap after GC invocations=214 (full 12):
 garbage-first heap   total 373760K, used 223134K [0x0000000740000000, 0x0000000800000000)
  region size 1024K, 3 young (3072K), 3 survivors (3072K)
 Metaspace       used 121247K, capacity 124369K, committed 124496K, reserved 1155072K
  class space    used 17423K, capacity 18829K, committed 18944K, reserved 1048576K
}
Event: 884.392 GC heap before
{Heap before GC invocations=214 (full 12):
 garbage-first heap   total 373760K, used 281502K [0x0000000740000000, 0x0000000800000000)
  region size 1024K, 60 young (61440K), 3 survivors (3072K)
 Metaspace       used 121259K, capacity 124369K, committed 124496K, reserved 1155072K
  class space    used 17423K, capacity 18829K, committed 18944K, reserved 1048576K
}
Event: 884.394 GC heap after
{Heap after GC invocations=215 (full 12):
 garbage-first heap   total 373760K, used 224233K [0x0000000740000000, 0x0000000800000000)
  region size 1024K, 4 young (4096K), 4 survivors (4096K)
 Metaspace       used 121259K, capacity 124369K, committed 124496K, reserved 1155072K
  class space    used 17423K, capacity 18829K, committed 18944K, reserved 1048576K
}
Event: 884.593 GC heap before
{Heap before GC invocations=215 (full 12):
 garbage-first heap   total 373760K, used 281577K [0x0000000740000000, 0x0000000800000000)
  region size 1024K, 60 young (61440K), 4 survivors (4096K)
 Metaspace       used 121264K, capacity 124433K, committed 124752K, reserved 1155072K
  class space    used 17423K, capacity 18829K, committed 18944K, reserved 1048576K
}
Event: 884.596 GC heap after
{Heap after GC invocations=216 (full 12):
 garbage-first heap   total 373760K, used 225494K [0x0000000740000000, 0x0000000800000000)
  region size 1024K, 6 young (6144K), 6 survivors (6144K)
 Metaspace       used 121264K, capacity 124433K, committed 124752K, reserved 1155072K
  class space    used 17423K, capacity 18829K, committed 18944K, reserved 1048576K
}
Event: 884.864 GC heap before
{Heap before GC invocations=216 (full 12):
 garbage-first heap   total 373760K, used 280790K [0x0000000740000000, 0x0000000800000000)
  region size 1024K, 60 young (61440K), 6 survivors (6144K)
 Metaspace       used 121433K, capacity 124593K, committed 124752K, reserved 1155072K
  class space    used 17452K, capacity 18861K, committed 18944K, reserved 1048576K
}
Event: 884.867 GC heap after
{Heap after GC invocations=217 (full 12):
 garbage-first heap   total 373760K, used 227483K [0x0000000740000000, 0x0000000800000000)
  region size 1024K, 6 young (6144K), 6 survivors (6144K)
 Metaspace       used 121433K, capacity 124593K, committed 124752K, reserved 1155072K
  class space    used 17452K, capacity 18861K, committed 18944K, reserved 1048576K
}
Event: 885.259 GC heap before
{Heap before GC invocations=217 (full 12):
 garbage-first heap   total 373760K, used 282779K [0x0000000740000000, 0x0000000800000000)
  region size 1024K, 60 young (61440K), 6 survivors (6144K)
 Metaspace       used 122024K, capacity 125195K, committed 125392K, reserved 1155072K
  class space    used 17613K, capacity 19019K, committed 19072K, reserved 1048576K
}
Event: 885.263 GC heap after
{Heap after GC invocations=218 (full 12):
 garbage-first heap   total 373760K, used 230261K [0x0000000740000000, 0x0000000800000000)
  region size 1024K, 7 young (7168K), 7 survivors (7168K)
 Metaspace       used 122024K, capacity 125195K, committed 125392K, reserved 1155072K
  class space    used 17613K, capacity 19019K, committed 19072K, reserved 1048576K
}

